D:\School\Deferred\GDADPRG\GDAPRG B-Man\Bomber Man GDADPRG\Bomber Man GDADPRG.vcxproj(73,5): warning MSB4011: "D:\School\Deferred\GDADPRG\GDAPRG B-Man\GDPARCM_Dirty.props" cannot be imported again. It was already imported at "D:\School\Deferred\GDADPRG\GDAPRG B-Man\PropertySheet.props (4,5)". This is most likely a build authoring error. This subsequent import will be ignored. 
  AComponent.cpp
  AGameObject.cpp
  ApplicationManager.cpp
  AScene.cpp
  AView.cpp
  BomberManAnimation.cpp
  BomberManObject.cpp
  BomberManMovement.cpp
  GameLoop.cpp
  Entity.cpp
D:\School\Deferred\GDADPRG\GDAPRG B-Man\Bomber Man GDADPRG\Entity.cpp(16,47): warning C4244: 'argument': conversion from 'T' to 'float', possible loss of data
          with
          [
              T=unsigned int
          ]
D:\School\Deferred\GDADPRG\GDAPRG B-Man\Bomber Man GDADPRG\Entity.cpp(16,34): warning C4244: 'argument': conversion from 'T' to 'float', possible loss of data
          with
          [
              T=unsigned int
          ]
D:\School\Deferred\GDADPRG\GDAPRG B-Man\Bomber Man GDADPRG\Entity.cpp(41,59): warning C4244: 'argument': conversion from 'T' to 'float', possible loss of data
          with
          [
              T=unsigned int
          ]
D:\School\Deferred\GDADPRG\GDAPRG B-Man\Bomber Man GDADPRG\Entity.cpp(41,40): warning C4244: 'argument': conversion from 'T' to 'float', possible loss of data
          with
          [
              T=unsigned int
          ]
  GameObjectManager.cpp
D:\School\Deferred\GDADPRG\GDAPRG B-Man\Bomber Man GDADPRG\GameObjectManager.cpp(27,36): warning C4267: 'return': conversion from 'size_t' to 'int', possible loss of data
  GameScene.cpp
  GenericInputController.cpp
  Main.cpp
  MainMenuScene.cpp
  MainMenuScreen.cpp
D:\School\Deferred\GDADPRG\GDAPRG B-Man\Bomber Man GDADPRG\MainMenuScreen.cpp(37,85): warning C4244: 'argument': conversion from 'T' to 'float', possible loss of data
          with
          [
              T=unsigned int
          ]
D:\School\Deferred\GDADPRG\GDAPRG B-Man\Bomber Man GDADPRG\MainMenuScreen.cpp(37,62): warning C4244: 'argument': conversion from 'T' to 'float', possible loss of data
          with
          [
              T=unsigned int
          ]
  PlayerInputController.cpp
  SceneManager.cpp
  TextureManager.cpp
D:\School\Deferred\GDADPRG\GDAPRG B-Man\Bomber Man GDADPRG\TextureManager.cpp(133,44): warning C4267: 'return': conversion from 'size_t' to 'int', possible loss of data
  TileMap.cpp
D:\School\Deferred\GDADPRG\GDAPRG B-Man\Bomber Man GDADPRG\TileMap.cpp(14,12): warning C4244: 'argument': conversion from 'time_t' to 'unsigned int', possible loss of data
  Generating Code...
  Compiling...
  TileObject.cpp
D:\School\Deferred\GDADPRG\GDAPRG B-Man\Bomber Man GDADPRG\TileObject.cpp(41,113): warning C4244: 'argument': conversion from 'T' to 'float', possible loss of data
          with
          [
              T=unsigned int
          ]
D:\School\Deferred\GDADPRG\GDAPRG B-Man\Bomber Man GDADPRG\TileObject.cpp(41,74): warning C4244: 'argument': conversion from 'T' to 'float', possible loss of data
          with
          [
              T=unsigned int
          ]
  UIButton.cpp
D:\School\Deferred\GDADPRG\GDAPRG B-Man\Bomber Man GDADPRG\UIButton.cpp(20,72): warning C4244: 'argument': conversion from 'T' to 'float', possible loss of data
          with
          [
              T=unsigned int
          ]
D:\School\Deferred\GDADPRG\GDAPRG B-Man\Bomber Man GDADPRG\UIButton.cpp(20,53): warning C4244: 'argument': conversion from 'T' to 'float', possible loss of data
          with
          [
              T=unsigned int
          ]
  UIButtonInputController.cpp
D:\School\Deferred\GDADPRG\GDAPRG B-Man\Bomber Man GDADPRG\UIButtonInputController.cpp(29,63): warning C4244: 'argument': conversion from 'int' to 'T', possible loss of data
          with
          [
              T=float
          ]
D:\School\Deferred\GDADPRG\GDAPRG B-Man\Bomber Man GDADPRG\UIButtonInputController.cpp(29,42): warning C4244: 'argument': conversion from 'int' to 'T', possible loss of data
          with
          [
              T=float
          ]
  UIText.cpp
  Generating Code...
  Bomber Man GDADPRG.vcxproj -> D:\School\Deferred\GDADPRG\GDAPRG B-Man\x64\Debug\Bomber Man GDADPRG.exe
